


ARM Macro Assembler    Page 1 


    1 00000000                 AREA             appcode, CODE, READONLY
    2 00000000                 EXPORT           __main
    3 00000000                 ENTRY
    4 00000000         __main  FUNCTION
    5 00000000         ; Queue is considered to be made of interger.
    6 00000000         ; So, the pointer is increased by 0x4. 
    7 00000000         ; R3 is tail pointer, R4 is head pointer.
    8 00000000         ; Queue starts from #0x20000000. Queue size is 7.
    9 00000000         ; Size of the queue is stored in R6.
   10 00000000         ; Intially memory is 0. When the queue is dequed
   11 00000000         ; memory is filled with 0xFF. Random nummbers 
   12 00000000         ; to be filled in queue is created by adding 1
   13 00000000         ; to previous number (this is stored in R1)
   14 00000000 F04F 5400       MOV              R4, #0x20000000 ; head pointer
   15 00000004 F04F 5300       MOV              R3, #0x20000000 ; tail pointer
   16 00000008 F04F 0606       MOV              R6, #6      ; queue size
   17 0000000C F04F 0101       MOV              R1, #1      ; random nuber
   18 00000010 F04F 05FF       MOV              R5, #0xFF   ; random number
   19 00000014         ; circular queue creation
   20 00000014 2E00    loop    CMP              R6, #0
   21 00000016 601D            STR              R5, [R3]
   22 00000018 F103 0304       ADD              R3, #0x4    ; increasing tail p
                                                            ointer
   23 0000001C BFC8 1E76       SUBGT            R6, R6, #1
   24 00000020 DCF8            BGT              loop
   25 00000022 F04F 0606       MOV              R6, #6
   26 00000026 F04F 5300       MOV              R3, #0x20000000 ; tail pointer 
                                                            
   27 0000002A         ;Enqueue to queue
   28 0000002A 2E00    loop1   CMP              R6, #0
   29 0000002C 6019            STR              R1, [R3]
   30 0000002E F103 0304       ADD              R3, #0x4    ; increasing tail p
                                                            ointer
   31 00000032 F101 0101       ADD              R1, #1      ; random number gen
                                                            eration
   32 00000036 BFC8 1E76       SUBGT            R6, R6, #1
   33 0000003A DCF6            BGT              loop1
   34 0000003C F04F 0602       MOV              R6, #2
   35 00000040         ; Dequeue from queue
   36 00000040 2E00    loop2   CMP              R6, #0
   37 00000042 6822            LDR              R2, [R4]
   38 00000044 6025            STR              R5, [R4]
   39 00000046 F104 0404       ADD              R4, #0x4    ; increasing head p
                                                            ointer
   40 0000004A BFC8 1E76       SUBGT            R6, R6, #1
   41 0000004E DCF7            BGT              loop2
   42 00000050 F04F 5300       MOV              R3, #0x20000000
   43 00000054 F04F 0602       MOV              R6, #2
   44 00000058         ; Enqueue to queue
   45 00000058 2E00    loop3   CMP              R6, #0
   46 0000005A 6019            STR              R1, [R3]
   47 0000005C F103 0304       ADD              R3, #0x4    ; increasing tail p
                                                            ointer
   48 00000060 F101 0101       ADD              R1, #1      ; random number gen
                                                            eration
   49 00000064 BFC8 1E76       SUBGT            R6, R6, #1
   50 00000068 DCF6            BGT              loop3
   51 0000006A F04F 0603       MOV              R6, #3
   52 0000006E         ; Dequeue from queue



ARM Macro Assembler    Page 2 


   53 0000006E 2E00    loop4   CMP              R6, #0
   54 00000070 6822            LDR              R2, [R4]
   55 00000072 6025            STR              R5, [R4]
   56 00000074 F104 0404       ADD              R4, #0x4    ; increasing head p
                                                            ointer
   57 00000078 BFC8 1E76       SUBGT            R6, R6, #1
   58 0000007C DCF7            BGT              loop4
   59 0000007E F04F 5400       MOV              R4, #0x20000000 ; looping tail 
                                                            pointer around
   60 00000082 F04F 0602       MOV              R6, #2
   61 00000086         ; Empty queue
   62 00000086 2E00    loop5   CMP              R6, #0
   63 00000088 6822            LDR              R2, [R4]
   64 0000008A 6025            STR              R5, [R4]
   65 0000008C F104 0404       ADD              R4, #0x4    ; increasing head p
                                                            ointer
   66 00000090 BFC8 1E76       SUBGT            R6, R6, #1
   67 00000094 DCF7            BGT              loop5
   68 00000096 E7FE    stop    B                stop        ; stop program
   69 00000098                 ENDFUNC
   70 00000098                 END
Command Line: --debug --xref --diag_suppress=9931 --cpu=Cortex-M4.fp --apcs=int
erwork --depend=.\objects\final.d -o.\objects\final.o -IC:\Users\prajwal\Deskto
p\ARM\First_working_circularQueue\RTE\_Target_1 -IC:\Keil_v5\ARM\PACK\ARM\CMSIS
\5.0.0\CMSIS\Include -IC:\Keil_v5\ARM\PACK\ARM\CMSIS\5.0.0\Device\ARM\ARMCM4\In
clude --predefine="__EVAL SETA 1" --predefine="__UVISION_VERSION SETA 522" --pr
edefine="_RTE_ SETA 1" --predefine="ARMCM4_FP SETA 1" --list=.\listings\final.l
st final.s



ARM Macro Assembler    Page 1 Alphabetic symbol ordering
Relocatable symbols

__main 00000000

Symbol: __main
   Definitions
      At line 4 in file final.s
   Uses
      At line 2 in file final.s
Comment: __main used once
appcode 00000000

Symbol: appcode
   Definitions
      At line 1 in file final.s
   Uses
      None
Comment: appcode unused
loop 00000014

Symbol: loop
   Definitions
      At line 20 in file final.s
   Uses
      At line 24 in file final.s
Comment: loop used once
loop1 0000002A

Symbol: loop1
   Definitions
      At line 28 in file final.s
   Uses
      At line 33 in file final.s
Comment: loop1 used once
loop2 00000040

Symbol: loop2
   Definitions
      At line 36 in file final.s
   Uses
      At line 41 in file final.s
Comment: loop2 used once
loop3 00000058

Symbol: loop3
   Definitions
      At line 45 in file final.s
   Uses
      At line 50 in file final.s
Comment: loop3 used once
loop4 0000006E

Symbol: loop4
   Definitions
      At line 53 in file final.s
   Uses
      At line 58 in file final.s
Comment: loop4 used once
loop5 00000086

Symbol: loop5



ARM Macro Assembler    Page 2 Alphabetic symbol ordering
Relocatable symbols

   Definitions
      At line 62 in file final.s
   Uses
      At line 67 in file final.s
Comment: loop5 used once
stop 00000096

Symbol: stop
   Definitions
      At line 68 in file final.s
   Uses
      At line 68 in file final.s
Comment: stop used once
9 symbols
344 symbols in table
