


ARM Macro Assembler    Page 1 


    1 00000000                 AREA             appcode, CODE, READONLY
    2 00000000                 EXPORT           __main
    3 00000000                 ENTRY
    4 00000000         __main  FUNCTION
    5 00000000         ;Check if even or odd
    6 00000000         ;if Even make R6 to 2
    7 00000000         ; if odd make R6 to 1
    8 00000000 F04F 0202       MOV              R2, #2
    9 00000004 F04F 0304       MOV              R3, #4      ; number to check i
                                                            f even or odd
   10 00000008         ;modulo operation
   11 00000008 FBB3 F0F2       UDIV             R0, R3, R2
   12 0000000C FB00 3112       MLS              R1, R0, R2, R3
   13 00000010         ;modulo ends here
   14 00000010 2900            CMP              R1, #0
   15 00000012 BF14            ITE              NE
   16 00000014 2601            MOVNE            R6, #1      ; odd
   17 00000016 2602            MOVEQ            R6, #2      ; even
   18 00000018 E7FE    stop    B                stop        ; stop program
   19 0000001A                 ENDFUNC
   20 0000001A                 END
Command Line: --debug --xref --diag_suppress=9931 --cpu=Cortex-M4.fp --apcs=int
erwork --depend=.\objects\final.d -o.\objects\final.o -IC:\Users\prajwal\Deskto
p\ARM\OddOrEven\RTE\_Target_1 -IC:\Keil_v5\ARM\PACK\ARM\CMSIS\5.0.0\CMSIS\Inclu
de -IC:\Keil_v5\ARM\PACK\ARM\CMSIS\5.0.0\Device\ARM\ARMCM4\Include --predefine=
"__EVAL SETA 1" --predefine="__UVISION_VERSION SETA 522" --predefine="_RTE_ SET
A 1" --predefine="ARMCM4_FP SETA 1" --list=.\listings\final.lst final.s



ARM Macro Assembler    Page 1 Alphabetic symbol ordering
Relocatable symbols

__main 00000000

Symbol: __main
   Definitions
      At line 4 in file final.s
   Uses
      At line 2 in file final.s
Comment: __main used once
appcode 00000000

Symbol: appcode
   Definitions
      At line 1 in file final.s
   Uses
      None
Comment: appcode unused
stop 00000018

Symbol: stop
   Definitions
      At line 18 in file final.s
   Uses
      At line 18 in file final.s
Comment: stop used once
3 symbols
338 symbols in table
